[03:43:20] [main/INFO]: Loading Minecraft 26.1.2 with Fabric Loader 0.19.3
[03:43:20] [main/INFO]: Mappings not present!
[03:43:21] [main/INFO]: Loading 20 mods:
	- fabricloader 0.19.3
	   \-- mixinextras 0.5.4
	- java 26
	- minecraft 26.1.2
	- modmenu 18.0.0
	   |-- fabric-api-base 2.0.3+ece0632359
	   |-- fabric-key-mapping-api-v1 2.0.4+e2bdee7859
	   |-- fabric-resource-loader-v1 2.0.9+d871b99e59
	   |-- fabric-screen-api-v1 5.0.1+d871b99e59
	   \-- placeholder-api 3.0.0+26.1
	- sodium 0.9.1+mc26.1.2
	   |-- fabric-block-getter-api-v2 2.0.6+ec56b6014c
	   |-- fabric-lifecycle-events-v1 4.1.0+6d50a0854c
	   |-- fabric-renderer-api-v1 13.0.3+c80601bb4c
	   |-- fabric-rendering-fluids-v1 6.0.1+d871b99e4c
	   |-- fabric-rendering-v1 23.1.0+1403e82c4c
	   |-- fabric-resource-loader-v0 3.3.16+4fc5413f4c
	   \-- fabric-transitive-access-wideners-v1 8.1.0+acd9108d4c
	- sodium-extra 0.9.3+mc26.1.2
	   \-- me_flashyreese_mods_greenlight-api 0.1.0+mc26.2
[03:43:21] [main/INFO]: SpongePowered MIXIN Subsystem Version=0.8.7 Source=file:/home/glitcher/.crestclient/libraries/net/fabricmc/sponge-mixin/0.17.3+mixin.0.8.7/sponge-mixin-0.17.3+mixin.0.8.7.jar Service=Knot/Fabric Env=CLIENT
[03:43:21] [main/INFO]: Compatibility level set to JAVA_25
[03:43:21] [main/INFO]: Loaded configuration file for Sodium: 36 options available, 0 override(s) found
[03:43:21] [main/INFO]: Loaded configuration file for Sodium Extra: 26 options available, 0 override(s) found
[03:43:22] [main/INFO]: Searching for graphics cards...
[03:43:22] [main/INFO]: Found graphics adapter: LinuxPciAdapterInfo[vendor=INTEL, name=TigerLake-LP GT2 [Iris Xe Graphics], pciVendorId=0x8086, pciDeviceId=0x9a49]
[03:43:22] [main/WARN]: Sodium has applied one or more workarounds to prevent crashes or other issues on your system: [NO_ERROR_CONTEXT_UNSUPPORTED]
[03:43:22] [main/WARN]: This is not necessarily an issue, but it may result in certain features or optimizations being disabled. You can sometimes fix these issues by upgrading your graphics driver.
[03:43:23] [main/INFO]: Initializing MixinExtras via com.llamalad7.mixinextras.service.MixinExtrasServiceImpl(version=0.5.4).
[03:43:23] [Datafixer Bootstrap/INFO]: 291 Datafixer optimizations took 488 milliseconds
[03:43:28] [Render thread/INFO]: Environment: Environment[sessionHost=https://sessionserver.mojang.com, servicesHost=https://api.minecraftservices.com, profilesHost=https://api.mojang.com, name=PROD]
[03:43:28] [Render thread/INFO]: Setting user: Glitcher4O3
[03:43:28] [Render thread/INFO]: Checking mod updates...
[03:43:29] [Render thread/INFO]: Setting exclusive fullscreen to true by default, as the user is not on Windows and the language cannot be guessed.
[03:43:29] [Render thread/INFO]: Backend library: LWJGL version 3.4.1-snapshot
[03:43:30] [Render thread/INFO]: Using optional rendering extensions: GL_ARB_buffer_storage, GL_KHR_debug, GL_ARB_vertex_attrib_binding, GL_ARB_direct_state_access, GL_EXT_texture_filter_anisotropic
[03:43:30] [Download-2/ERROR]: Failed to fetch user properties
com.mojang.authlib.exceptions.InvalidCredentialsException: Status: 401
	at knot//com.mojang.authlib.exceptions.MinecraftClientHttpException.toAuthenticationException(MinecraftClientHttpException.java:59)
	at knot//com.mojang.authlib.yggdrasil.YggdrasilUserApiService.fetchProperties(YggdrasilUserApiService.java:150)
	at knot//net.minecraft.client.Minecraft.lambda$new$1(Minecraft.java:459)
	at java.base/java.util.concurrent.CompletableFuture$AsyncSupply.run(CompletableFuture.java:1789)
	at java.base/java.util.concurrent.ThreadPoolExecutor.runWorker(ThreadPoolExecutor.java:1090)
	at java.base/java.util.concurrent.ThreadPoolExecutor$Worker.run(ThreadPoolExecutor.java:614)
	at java.base/java.lang.Thread.run(Thread.java:1516)
Caused by: com.mojang.authlib.exceptions.MinecraftClientHttpException: Status: 401
	at knot//com.mojang.authlib.minecraft.client.MinecraftClient.readInputStream(MinecraftClient.java:103)
	at knot//com.mojang.authlib.minecraft.client.MinecraftClient.get(MinecraftClient.java:56)
	at knot//com.mojang.authlib.yggdrasil.YggdrasilUserApiService.fetchProperties(YggdrasilUserApiService.java:121)
	... 5 more
[03:43:30] [Render thread/ERROR]: Error while loading the narrator
com.mojang.text2speech.Narrator$InitializeException: Failed to load library flite
	at knot//com.mojang.text2speech.NarratorLinux$FliteLibrary.loadNative(NarratorLinux.java:81)
	at knot//com.mojang.text2speech.NarratorLinux.<init>(NarratorLinux.java:18)
	at knot//com.mojang.text2speech.Narrator.getNarrator(Narrator.java:41)
	at knot//net.minecraft.client.GameNarrator.<init>(GameNarrator.java:20)
	at knot//net.minecraft.client.Minecraft.<init>(Minecraft.java:726)
	at knot//net.minecraft.client.main.Main.main(Main.java:232)
	at net.fabricmc.loader.impl.game.minecraft.MinecraftGameProvider.launch(MinecraftGameProvider.java:514)
	at net.fabricmc.loader.impl.launch.knot.Knot.launch(Knot.java:72)
	at net.fabricmc.loader.impl.launch.knot.KnotClient.main(KnotClient.java:23)
Caused by: java.lang.UnsatisfiedLinkError: Unable to load library 'flite':
libflite.so: cannot open shared object file: No such file or directory
libflite.so: cannot open shared object file: No such file or directory
Native library (linux-x86-64/libflite.so) not found in resource path (/home/glitcher/.crestclient/versions/fabric-loader-0.19.3-26.1.2-client.jar:/home/glitcher/.crestclient/libraries/at/yawk/lz4/lz4-java/1.10.1/lz4-java-1.10.1.jar:/home/glitcher/.crestclient/libraries/com/azure/azure-json/1.4.0/azure-json-1.4.0.jar:/home/glitcher/.crestclient/libraries/com/github/oshi/oshi-core/6.9.0/oshi-core-6.9.0.jar:/home/glitcher/.crestclient/libraries/com/google/code/gson/gson/2.13.2/gson-2.13.2.jar:/home/glitcher/.crestclient/libraries/com/google/guava/failureaccess/1.0.3/failureaccess-1.0.3.jar:/home/glitcher/.crestclient/libraries/com/google/guava/guava/33.5.0-jre/guava-33.5.0-jre.jar:/home/glitcher/.crestclient/libraries/com/ibm/icu/icu4j/77.1/icu4j-77.1.jar:/home/glitcher/.crestclient/libraries/com/microsoft/azure/msal4j/1.23.1/msal4j-1.23.1.jar:/home/glitcher/.crestclient/libraries/com/mojang/authlib/7.0.63/authlib-7.0.63.jar:/home/glitcher/.crestclient/libraries/com/mojang/blocklist/1.0.10/blocklist-1.0.10.jar:/home/glitcher/.crestclient/libraries/com/mojang/brigadier/1.3.10/brigadier-1.3.10.jar:/home/glitcher/.crestclient/libraries/com/mojang/datafixerupper/9.0.19/datafixerupper-9.0.19.jar:/home/glitcher/.crestclient/libraries/com/mojang/jtracy/1.0.37/jtracy-1.0.37.jar:/home/glitcher/.crestclient/libraries/com/mojang/jtracy/1.0.37/jtracy-1.0.37-natives-linux.jar:/home/glitcher/.crestclient/libraries/com/mojang/logging/1.6.11/logging-1.6.11.jar:/home/glitcher/.crestclient/libraries/com/mojang/patchy/2.2.10/patchy-2.2.10.jar:/home/glitcher/.crestclient/libraries/com/mojang/text2speech/1.18.11/text2speech-1.18.11.jar:/home/glitcher/.crestclient/libraries/commons-codec/commons-codec/1.19.0/commons-codec-1.19.0.jar:/home/glitcher/.crestclient/libraries/commons-io/commons-io/2.20.0/commons-io-2.20.0.jar:/home/glitcher/.crestclient/libraries/io/netty/netty-buffer/4.2.7.Final/netty-buffer-4.2.7.Final.jar:/home/glitcher/.crestclient/libraries/io/netty/netty-codec-base/4.2.7.Final/netty-codec-base-4.2.7.Final.jar:/home/glitcher/.crestclient/libraries/io/netty/netty-codec-compression/4.2.7.Final/netty-codec-compression-4.2.7.Final.jar:/home/glitcher/.crestclient/libraries/io/netty/netty-codec-http/4.2.7.Final/netty-codec-http-4.2.7.Final.jar:/home/glitcher/.crestclient/libraries/io/netty/netty-common/4.2.7.Final/netty-common-4.2.7.Final.jar:/home/glitcher/.crestclient/libraries/io/netty/netty-handler/4.2.7.Final/netty-handler-4.2.7.Final.jar:/home/glitcher/.crestclient/libraries/io/netty/netty-resolver/4.2.7.Final/netty-resolver-4.2.7.Final.jar:/home/glitcher/.crestclient/libraries/io/netty/netty-transport-classes-epoll/4.2.7.Final/netty-transport-classes-epoll-4.2.7.Final.jar:/home/glitcher/.crestclient/libraries/io/netty/netty-transport-classes-kqueue/4.2.7.Final/netty-transport-classes-kqueue-4.2.7.Final.jar:/home/glitcher/.crestclient/libraries/io/netty/netty-transport-native-epoll/4.2.7.Final/netty-transport-native-epoll-4.2.7.Final-linux-aarch_64.jar:/home/glitcher/.crestclient/libraries/io/netty/netty-transport-native-epoll/4.2.7.Final/netty-transport-native-epoll-4.2.7.Final-linux-x86_64.jar:/home/glitcher/.crestclient/libraries/io/netty/netty-transport-native-unix-common/4.2.7.Final/netty-transport-native-unix-common-4.2.7.Final.jar:/home/glitcher/.crestclient/libraries/io/netty/netty-transport/4.2.7.Final/netty-transport-4.2.7.Final.jar:/home/glitcher/.crestclient/libraries/it/unimi/dsi/fastutil/8.5.18/fastutil-8.5.18.jar:/home/glitcher/.crestclient/libraries/net/java/dev/jna/jna-platform/5.17.0/jna-platform-5.17.0.jar:/home/glitcher/.crestclient/libraries/net/java/dev/jna/jna/5.17.0/jna-5.17.0.jar:/home/glitcher/.crestclient/libraries/net/sf/jopt-simple/jopt-simple/5.0.4/jopt-simple-5.0.4.jar:/home/glitcher/.crestclient/libraries/org/apache/commons/commons-compress/1.28.0/commons-compress-1.28.0.jar:/home/glitcher/.crestclient/libraries/org/apache/commons/commons-lang3/3.19.0/commons-lang3-3.19.0.jar:/home/glitcher/.crestclient/libraries/org/apache/logging/log4j/log4j-api/2.25.2/log4j-api-2.25.2.jar:/home/glitcher/.crestclient/libraries/org/apache/logging/log4j/log4j-core/2.25.2/log4j-core-2.25.2.jar:/home/glitcher/.crestclient/libraries/org/apache/logging/log4j/log4j-slf4j2-impl/2.25.2/log4j-slf4j2-impl-2.25.2.jar:/home/glitcher/.crestclient/libraries/org/jcraft/jorbis/0.0.17/jorbis-0.0.17.jar:/home/glitcher/.crestclient/libraries/org/joml/joml/1.10.8/joml-1.10.8.jar:/home/glitcher/.crestclient/libraries/org/jspecify/jspecify/1.0.0/jspecify-1.0.0.jar:/home/glitcher/.crestclient/libraries/org/lwjgl/lwjgl-freetype/3.4.1/lwjgl-freetype-3.4.1.jar:/home/glitcher/.crestclient/libraries/org/lwjgl/lwjgl-freetype/3.4.1/lwjgl-freetype-3.4.1-natives-linux.jar:/home/glitcher/.crestclient/libraries/org/lwjgl/lwjgl-glfw/3.4.1/lwjgl-glfw-3.4.1.jar:/home/glitcher/.crestclient/libraries/org/lwjgl/lwjgl-glfw/3.4.1/lwjgl-glfw-3.4.1-natives-linux.jar:/home/glitcher/.crestclient/libraries/org/lwjgl/lwjgl-jemalloc/3.4.1/lwjgl-jemalloc-3.4.1.jar:/home/glitcher/.crestclient/libraries/org/lwjgl/lwjgl-jemalloc/3.4.1/lwjgl-jemalloc-3.4.1-natives-linux.jar:/home/glitcher/.crestclient/libraries/org/lwjgl/lwjgl-openal/3.4.1/lwjgl-openal-3.4.1.jar:/home/glitcher/.crestclient/libraries/org/lwjgl/lwjgl-openal/3.4.1/lwjgl-openal-3.4.1-natives-linux.jar:/home/glitcher/.crestclient/libraries/org/lwjgl/lwjgl-opengl/3.4.1/lwjgl-opengl-3.4.1.jar:/home/glitcher/.crestclient/libraries/org/lwjgl/lwjgl-opengl/3.4.1/lwjgl-opengl-3.4.1-natives-linux.jar:/home/glitcher/.crestclient/libraries/org/lwjgl/lwjgl-stb/3.4.1/lwjgl-stb-3.4.1.jar:/home/glitcher/.crestclient/libraries/org/lwjgl/lwjgl-stb/3.4.1/lwjgl-stb-3.4.1-natives-linux.jar:/home/glitcher/.crestclient/libraries/org/lwjgl/lwjgl-tinyfd/3.4.1/lwjgl-tinyfd-3.4.1.jar:/home/glitcher/.crestclient/libraries/org/lwjgl/lwjgl-tinyfd/3.4.1/lwjgl-tinyfd-3.4.1-natives-linux.jar:/home/glitcher/.crestclient/libraries/org/lwjgl/lwjgl/3.4.1/lwjgl-3.4.1.jar:/home/glitcher/.crestclient/libraries/org/lwjgl/lwjgl/3.4.1/lwjgl-3.4.1-natives-linux.jar:/home/glitcher/.crestclient/libraries/org/slf4j/slf4j-api/2.0.17/slf4j-api-2.0.17.jar:/home/glitcher/.crestclient/libraries/org/ow2/asm/asm/9.10.1/asm-9.10.1.jar:/home/glitcher/.crestclient/libraries/org/ow2/asm/asm-analysis/9.10.1/asm-analysis-9.10.1.jar:/home/glitcher/.crestclient/libraries/org/ow2/asm/asm-commons/9.10.1/asm-commons-9.10.1.jar:/home/glitcher/.crestclient/libraries/org/ow2/asm/asm-tree/9.10.1/asm-tree-9.10.1.jar:/home/glitcher/.crestclient/libraries/org/ow2/asm/asm-util/9.10.1/asm-util-9.10.1.jar:/home/glitcher/.crestclient/libraries/net/fabricmc/sponge-mixin/0.17.3+mixin.0.8.7/sponge-mixin-0.17.3+mixin.0.8.7.jar:/home/glitcher/.crestclient/libraries/net/fabricmc/fabric-loader/0.19.3/fabric-loader-0.19.3.jar:/home/glitcher/.crestclient/instances/ehnyrjttrehy/mods/sodium-fabric-0.9.1+mc26.1.2.jar:/home/glitcher/.crestclient/instances/ehnyrjttrehy/mods/sodium-extra-fabric-0.9.3+mc26.1.2.jar:/home/glitcher/.crestclient/instances/ehnyrjttrehy/mods/modmenu-18.0.0.jar)
	at knot//com.sun.jna.NativeLibrary.loadLibrary(NativeLibrary.java:325)
	at knot//com.sun.jna.NativeLibrary.getInstance(NativeLibrary.java:481)
	at knot//com.sun.jna.NativeLibrary.getInstance(NativeLibrary.java:423)
	at knot//com.mojang.text2speech.NarratorLinux$FliteLibrary.loadNative(NarratorLinux.java:79)
	... 8 more
	Suppressed: java.lang.UnsatisfiedLinkError: libflite.so: cannot open shared object file: No such file or directory
		at knot//com.sun.jna.Native.open(Native Method)
		at knot//com.sun.jna.NativeLibrary.loadLibrary(NativeLibrary.java:213)
		... 11 more
	Suppressed: java.lang.UnsatisfiedLinkError: libflite.so: cannot open shared object file: No such file or directory
		at knot//com.sun.jna.Native.open(Native Method)
		at knot//com.sun.jna.NativeLibrary.loadLibrary(NativeLibrary.java:226)
		... 11 more
	Suppressed: java.io.IOException: Native library (linux-x86-64/libflite.so) not found in resource path (/home/glitcher/.crestclient/versions/fabric-loader-0.19.3-26.1.2-client.jar:/home/glitcher/.crestclient/libraries/at/yawk/lz4/lz4-java/1.10.1/lz4-java-1.10.1.jar:/home/glitcher/.crestclient/libraries/com/azure/azure-json/1.4.0/azure-json-1.4.0.jar:/home/glitcher/.crestclient/libraries/com/github/oshi/oshi-core/6.9.0/oshi-core-6.9.0.jar:/home/glitcher/.crestclient/libraries/com/google/code/gson/gson/2.13.2/gson-2.13.2.jar:/home/glitcher/.crestclient/libraries/com/google/guava/failureaccess/1.0.3/failureaccess-1.0.3.jar:/home/glitcher/.crestclient/libraries/com/google/guava/guava/33.5.0-jre/guava-33.5.0-jre.jar:/home/glitcher/.crestclient/libraries/com/ibm/icu/icu4j/77.1/icu4j-77.1.jar:/home/glitcher/.crestclient/libraries/com/microsoft/azure/msal4j/1.23.1/msal4j-1.23.1.jar:/home/glitcher/.crestclient/libraries/com/mojang/authlib/7.0.63/authlib-7.0.63.jar:/home/glitcher/.crestclient/libraries/com/mojang/blocklist/1.0.10/blocklist-1.0.10.jar:/home/glitcher/.crestclient/libraries/com/mojang/brigadier/1.3.10/brigadier-1.3.10.jar:/home/glitcher/.crestclient/libraries/com/mojang/datafixerupper/9.0.19/datafixerupper-9.0.19.jar:/home/glitcher/.crestclient/libraries/com/mojang/jtracy/1.0.37/jtracy-1.0.37.jar:/home/glitcher/.crestclient/libraries/com/mojang/jtracy/1.0.37/jtracy-1.0.37-natives-linux.jar:/home/glitcher/.crestclient/libraries/com/mojang/logging/1.6.11/logging-1.6.11.jar:/home/glitcher/.crestclient/libraries/com/mojang/patchy/2.2.10/patchy-2.2.10.jar:/home/glitcher/.crestclient/libraries/com/mojang/text2speech/1.18.11/text2speech-1.18.11.jar:/home/glitcher/.crestclient/libraries/commons-codec/commons-codec/1.19.0/commons-codec-1.19.0.jar:/home/glitcher/.crestclient/libraries/commons-io/commons-io/2.20.0/commons-io-2.20.0.jar:/home/glitcher/.crestclient/libraries/io/netty/netty-buffer/4.2.7.Final/netty-buffer-4.2.7.Final.jar:/home/glitcher/.crestclient/libraries/io/netty/netty-codec-base/4.2.7.Final/netty-codec-base-4.2.7.Final.jar:/home/glitcher/.crestclient/libraries/io/netty/netty-codec-compression/4.2.7.Final/netty-codec-compression-4.2.7.Final.jar:/home/glitcher/.crestclient/libraries/io/netty/netty-codec-http/4.2.7.Final/netty-codec-http-4.2.7.Final.jar:/home/glitcher/.crestclient/libraries/io/netty/netty-common/4.2.7.Final/netty-common-4.2.7.Final.jar:/home/glitcher/.crestclient/libraries/io/netty/netty-handler/4.2.7.Final/netty-handler-4.2.7.Final.jar:/home/glitcher/.crestclient/libraries/io/netty/netty-resolver/4.2.7.Final/netty-resolver-4.2.7.Final.jar:/home/glitcher/.crestclient/libraries/io/netty/netty-transport-classes-epoll/4.2.7.Final/netty-transport-classes-epoll-4.2.7.Final.jar:/home/glitcher/.crestclient/libraries/io/netty/netty-transport-classes-kqueue/4.2.7.Final/netty-transport-classes-kqueue-4.2.7.Final.jar:/home/glitcher/.crestclient/libraries/io/netty/netty-transport-native-epoll/4.2.7.Final/netty-transport-native-epoll-4.2.7.Final-linux-aarch_64.jar:/home/glitcher/.crestclient/libraries/io/netty/netty-transport-native-epoll/4.2.7.Final/netty-transport-native-epoll-4.2.7.Final-linux-x86_64.jar:/home/glitcher/.crestclient/libraries/io/netty/netty-transport-native-unix-common/4.2.7.Final/netty-transport-native-unix-common-4.2.7.Final.jar:/home/glitcher/.crestclient/libraries/io/netty/netty-transport/4.2.7.Final/netty-transport-4.2.7.Final.jar:/home/glitcher/.crestclient/libraries/it/unimi/dsi/fastutil/8.5.18/fastutil-8.5.18.jar:/home/glitcher/.crestclient/libraries/net/java/dev/jna/jna-platform/5.17.0/jna-platform-5.17.0.jar:/home/glitcher/.crestclient/libraries/net/java/dev/jna/jna/5.17.0/jna-5.17.0.jar:/home/glitcher/.crestclient/libraries/net/sf/jopt-simple/jopt-simple/5.0.4/jopt-simple-5.0.4.jar:/home/glitcher/.crestclient/libraries/org/apache/commons/commons-compress/1.28.0/commons-compress-1.28.0.jar:/home/glitcher/.crestclient/libraries/org/apache/commons/commons-lang3/3.19.0/commons-lang3-3.19.0.jar:/home/glitcher/.crestclient/libraries/org/apache/logging/log4j/log4j-api/2.25.2/log4j-api-2.25.2.jar:/home/glitcher/.crestclient/libraries/org/apache/logging/log4j/log4j-core/2.25.2/log4j-core-2.25.2.jar:/home/glitcher/.crestclient/libraries/org/apache/logging/log4j/log4j-slf4j2-impl/2.25.2/log4j-slf4j2-impl-2.25.2.jar:/home/glitcher/.crestclient/libraries/org/jcraft/jorbis/0.0.17/jorbis-0.0.17.jar:/home/glitcher/.crestclient/libraries/org/joml/joml/1.10.8/joml-1.10.8.jar:/home/glitcher/.crestclient/libraries/org/jspecify/jspecify/1.0.0/jspecify-1.0.0.jar:/home/glitcher/.crestclient/libraries/org/lwjgl/lwjgl-freetype/3.4.1/lwjgl-freetype-3.4.1.jar:/home/glitcher/.crestclient/libraries/org/lwjgl/lwjgl-freetype/3.4.1/lwjgl-freetype-3.4.1-natives-linux.jar:/home/glitcher/.crestclient/libraries/org/lwjgl/lwjgl-glfw/3.4.1/lwjgl-glfw-3.4.1.jar:/home/glitcher/.crestclient/libraries/org/lwjgl/lwjgl-glfw/3.4.1/lwjgl-glfw-3.4.1-natives-linux.jar:/home/glitcher/.crestclient/libraries/org/lwjgl/lwjgl-jemalloc/3.4.1/lwjgl-jemalloc-3.4.1.jar:/home/glitcher/.crestclient/libraries/org/lwjgl/lwjgl-jemalloc/3.4.1/lwjgl-jemalloc-3.4.1-natives-linux.jar:/home/glitcher/.crestclient/libraries/org/lwjgl/lwjgl-openal/3.4.1/lwjgl-openal-3.4.1.jar:/home/glitcher/.crestclient/libraries/org/lwjgl/lwjgl-openal/3.4.1/lwjgl-openal-3.4.1-natives-linux.jar:/home/glitcher/.crestclient/libraries/org/lwjgl/lwjgl-opengl/3.4.1/lwjgl-opengl-3.4.1.jar:/home/glitcher/.crestclient/libraries/org/lwjgl/lwjgl-opengl/3.4.1/lwjgl-opengl-3.4.1-natives-linux.jar:/home/glitcher/.crestclient/libraries/org/lwjgl/lwjgl-stb/3.4.1/lwjgl-stb-3.4.1.jar:/home/glitcher/.crestclient/libraries/org/lwjgl/lwjgl-stb/3.4.1/lwjgl-stb-3.4.1-natives-linux.jar:/home/glitcher/.crestclient/libraries/org/lwjgl/lwjgl-tinyfd/3.4.1/lwjgl-tinyfd-3.4.1.jar:/home/glitcher/.crestclient/libraries/org/lwjgl/lwjgl-tinyfd/3.4.1/lwjgl-tinyfd-3.4.1-natives-linux.jar:/home/glitcher/.crestclient/libraries/org/lwjgl/lwjgl/3.4.1/lwjgl-3.4.1.jar:/home/glitcher/.crestclient/libraries/org/lwjgl/lwjgl/3.4.1/lwjgl-3.4.1-natives-linux.jar:/home/glitcher/.crestclient/libraries/org/slf4j/slf4j-api/2.0.17/slf4j-api-2.0.17.jar:/home/glitcher/.crestclient/libraries/org/ow2/asm/asm/9.10.1/asm-9.10.1.jar:/home/glitcher/.crestclient/libraries/org/ow2/asm/asm-analysis/9.10.1/asm-analysis-9.10.1.jar:/home/glitcher/.crestclient/libraries/org/ow2/asm/asm-commons/9.10.1/asm-commons-9.10.1.jar:/home/glitcher/.crestclient/libraries/org/ow2/asm/asm-tree/9.10.1/asm-tree-9.10.1.jar:/home/glitcher/.crestclient/libraries/org/ow2/asm/asm-util/9.10.1/asm-util-9.10.1.jar:/home/glitcher/.crestclient/libraries/net/fabricmc/sponge-mixin/0.17.3+mixin.0.8.7/sponge-mixin-0.17.3+mixin.0.8.7.jar:/home/glitcher/.crestclient/libraries/net/fabricmc/fabric-loader/0.19.3/fabric-loader-0.19.3.jar:/home/glitcher/.crestclient/instances/ehnyrjttrehy/mods/sodium-fabric-0.9.1+mc26.1.2.jar:/home/glitcher/.crestclient/instances/ehnyrjttrehy/mods/sodium-extra-fabric-0.9.3+mc26.1.2.jar:/home/glitcher/.crestclient/instances/ehnyrjttrehy/mods/modmenu-18.0.0.jar)
		at knot//com.sun.jna.Native.extractFromResourcePath(Native.java:1141)
		at knot//com.sun.jna.NativeLibrary.loadLibrary(NativeLibrary.java:297)
		... 11 more
[03:43:30] [Render thread/INFO]: Reloading ResourceManager: vanilla, fabric-api-base, fabric-block-getter-api-v2, fabric-key-mapping-api-v1, fabric-lifecycle-events-v1, fabric-renderer-api-v1, fabric-rendering-fluids-v1, fabric-rendering-v1, fabric-resource-loader-v0, fabric-resource-loader-v1, fabric-screen-api-v1, fabric-transitive-access-wideners-v1, fabricloader, modmenu, placeholder-api, sodium, sodium-extra
[03:43:31] [Render thread/INFO]: Thread[#3,Render thread,10,main]
[03:43:31] [Render thread/INFO]: OpenGL Vendor: Intel
[03:43:31] [Render thread/INFO]: OpenGL Renderer: Mesa Intel(R) Iris(R) Xe Graphics (TGL GT2)
[03:43:31] [Render thread/INFO]: OpenGL Version: 4.6 (Core Profile) Mesa 26.1.1-arch1.2
[03:43:31] [Download-1/INFO]: Could not authorize you against Realms server: java.lang.RuntimeException: Failed to parse into SignedJWT: fc9acabcc63c4f92937f5672ebceedc6
[03:43:32] [Download-1/ERROR]: Failed to fetch Realms feature flags
com.mojang.realmsclient.exception.RealmsServiceException: Realms authentication error with message 'java.lang.RuntimeException: Failed to parse into SignedJWT: fc9acabcc63c4f92937f5672ebceedc6'
	at knot//com.mojang.realmsclient.client.RealmsClient.execute(RealmsClient.java:526)
	at knot//com.mojang.realmsclient.client.RealmsClient.fetchFeatureFlags(RealmsClient.java:186)
	at java.base/java.util.concurrent.CompletableFuture$AsyncSupply.run(CompletableFuture.java:1789)
	at java.base/java.util.concurrent.ThreadPoolExecutor.runWorker(ThreadPoolExecutor.java:1090)
	at java.base/java.util.concurrent.ThreadPoolExecutor$Worker.run(ThreadPoolExecutor.java:614)
	at java.base/java.lang.Thread.run(Thread.java:1516)
[03:43:31] [Worker-Main-3/INFO]: Found unifont_all_no_pua-17.0.01.hex, loading
[03:43:32] [Worker-Main-4/INFO]: Found unifont_pua-17.0.01.hex, loading
[03:43:32] [Worker-Main-3/INFO]: Found unifont_jp_patch-17.0.01.hex, loading
[03:43:34] [Render thread/INFO]: OpenAL initialized on device 500 Series Chipset Family On-Package High Definition Audio (HD Audio) Speaker
[03:43:34] [Render thread/INFO]: Sound engine started
[03:43:34] [Render thread/INFO]: Created: 512x256x0 minecraft:textures/atlas/particles.png-atlas
[03:43:34] [Render thread/INFO]: Created: 128x128x0 minecraft:textures/atlas/decorated_pot.png-atlas
[03:43:34] [Render thread/INFO]: Created: 2048x1024x0 minecraft:textures/atlas/armor_trims.png-atlas
[03:43:34] [Render thread/INFO]: Created: 512x256x0 minecraft:textures/atlas/paintings.png-atlas
[03:43:34] [Render thread/INFO]: Created: 1024x512x0 minecraft:textures/atlas/shield_patterns.png-atlas
[03:43:34] [Render thread/INFO]: Created: 2048x2048x4 minecraft:textures/atlas/blocks.png-atlas
[03:43:34] [Render thread/INFO]: Created: 512x512x0 minecraft:textures/atlas/chest.png-atlas
[03:43:34] [Render thread/INFO]: Created: 256x128x0 minecraft:textures/atlas/celestials.png-atlas
[03:43:34] [Render thread/INFO]: Created: 1024x512x0 minecraft:textures/atlas/banner_patterns.png-atlas
[03:43:34] [Render thread/INFO]: Created: 512x512x0 minecraft:textures/atlas/beds.png-atlas
[03:43:34] [Render thread/INFO]: Created: 1024x512x0 minecraft:textures/atlas/items.png-atlas
[03:43:34] [Render thread/INFO]: Created: 1024x1024x0 minecraft:textures/atlas/gui.png-atlas
[03:43:34] [Render thread/INFO]: Created: 128x64x0 minecraft:textures/atlas/map_decorations.png-atlas
[03:43:34] [Render thread/INFO]: Created: 512x256x0 minecraft:textures/atlas/signs.png-atlas
[03:43:34] [Render thread/INFO]: Created: 512x512x0 minecraft:textures/atlas/shulker_boxes.png-atlas
[03:43:35] [IO-Worker-1/INFO]: Could not authorize you against Realms server: java.lang.RuntimeException: Failed to parse into SignedJWT: fc9acabcc63c4f92937f5672ebceedc6
[03:43:35] [IO-Worker-1/ERROR]: Couldn't connect to realms
com.mojang.realmsclient.exception.RealmsServiceException: Realms authentication error with message 'java.lang.RuntimeException: Failed to parse into SignedJWT: fc9acabcc63c4f92937f5672ebceedc6'
	at knot//com.mojang.realmsclient.client.RealmsClient.execute(RealmsClient.java:526)
	at knot//com.mojang.realmsclient.client.RealmsClient.clientCompatible(RealmsClient.java:307)
	at knot//com.mojang.realmsclient.RealmsAvailability.lambda$check$0(RealmsAvailability.java:48)
	at java.base/java.util.concurrent.CompletableFuture$AsyncSupply.run(CompletableFuture.java:1789)
	at java.base/java.util.concurrent.ThreadPoolExecutor.runWorker(ThreadPoolExecutor.java:1090)
	at java.base/java.util.concurrent.ThreadPoolExecutor$Worker.run(ThreadPoolExecutor.java:614)
	at java.base/java.lang.Thread.run(Thread.java:1516)
[03:43:37] [Render thread/ERROR]: ########## GL ERROR ##########
[03:43:37] [Render thread/ERROR]: @ Render
[03:43:37] [Render thread/ERROR]: 65547: X11: Standard cursor shape unavailable
[03:43:41] [Render thread/INFO]: Stopping!
